demo_architecture_components/build/intermediates/manifest_merge_blame_file/debug/manifest-merger-blame-debug-report.txt
1<?xml version="1.0" encoding="utf-8"?>
2<!--
3  ~ Copyright 2017, The Android Open Source Project
4  ~
5  ~ Licensed under the Apache License, Version 2.0 (the "License");
6  ~ you may not use this file except in compliance with the License.
7  ~ You may obtain a copy of the License at
8  ~
9  ~      http://www.apache.org/licenses/LICENSE-2.0
10  ~
11  ~ Unless required by applicable law or agreed to in writing, software
12  ~ distributed under the License is distributed on an "AS IS" BASIS,
13  ~ WITHOUT WARRANTIES OR CONDITIONS OF ANY KIND, either express or implied.
14  ~ See the License for the specific language governing permissions and
15  ~ limitations under the License.
16-->
17<manifest xmlns:android="http://schemas.android.com/apk/res/android"
18    package="com.example.android.persistence"
19    android:versionCode="1"
20    android:versionName="1.0" >
21
22    <uses-sdk
23        android:minSdkVersion="21"
23-->src\main\AndroidManifest.xml
24        android:targetSdkVersion="29" />
24-->src\main\AndroidManifest.xml
25
26    <uses-permission android:name="android.permission.ACCESS_FINE_LOCATION" />
26-->src\main\AndroidManifest.xml:21:5-78
26-->src\main\AndroidManifest.xml:21:22-76
27    <uses-permission android:name="android.permission.ACCESS_COARSE_LOCATION" />
27-->src\main\AndroidManifest.xml:22:5-80
27-->src\main\AndroidManifest.xml:22:22-78
28
29    <uses-feature android:name="android.hardware.location.gps" />
29-->src\main\AndroidManifest.xml:24:5-65
29-->src\main\AndroidManifest.xml:24:19-63
30
31    <application
31-->src\main\AndroidManifest.xml:26:5-39:19
32        android:name="com.example.android.persistence.BasicApp"
32-->src\main\AndroidManifest.xml:27:9-33
33        android:allowBackup="false"
33-->src\main\AndroidManifest.xml:28:9-36
34        android:appComponentFactory="androidx.core.app.CoreComponentFactory"
34-->[androidx.core:core:1.1.0] AndroidManifest.xml:24:18-86
35        android:debuggable="true"
36        android:icon="@mipmap/ic_launcher"
36-->src\main\AndroidManifest.xml:29:9-43
37        android:label="@string/app_name"
37-->src\main\AndroidManifest.xml:30:9-41
38        android:supportsRtl="true"
38-->src\main\AndroidManifest.xml:31:9-35
39        android:testOnly="true"
40        android:theme="@style/AppTheme" >
40-->src\main\AndroidManifest.xml:32:9-40
41        <activity android:name="com.example.android.persistence.ui.MainActivity" >
41-->src\main\AndroidManifest.xml:33:9-38:20
41-->src\main\AndroidManifest.xml:33:19-81
42            <intent-filter>
42-->src\main\AndroidManifest.xml:34:13-37:29
43                <action android:name="android.intent.action.MAIN" />
43-->src\main\AndroidManifest.xml:35:17-68
43-->src\main\AndroidManifest.xml:35:25-66
44
45                <category android:name="android.intent.category.LAUNCHER" />
45-->src\main\AndroidManifest.xml:36:17-76
45-->src\main\AndroidManifest.xml:36:27-74
46            </intent-filter>
47        </activity>
48
49        <service
49-->[androidx.room:room-runtime:2.2.0] AndroidManifest.xml:25:9-27:40
50            android:name="androidx.room.MultiInstanceInvalidationService"
50-->[androidx.room:room-runtime:2.2.0] AndroidManifest.xml:26:13-74
51            android:exported="false" />
51-->[androidx.room:room-runtime:2.2.0] AndroidManifest.xml:27:13-37
52    </application>
53
54</manifest>